2024-11-27 19:56:20,870 - INFO - New file added: ./test/text.txt
2024-11-27 19:56:20,870 - WARNING - File deleted: ./test/text.txt
2024-11-27 19:56:20,870 - ERROR - File modified: ./test/text.txt
2024-11-27 19:59:51,840 - INFO - New file added: ./test/text1.txt
2024-11-27 19:59:54,847 - WARNING - File deleted: ./test/text1.txt
2024-11-27 21:54:00,263 - INFO - New file added: ./test/text1.txt
2024-11-27 21:54:05,275 - WARNING - File deleted: ./test/text1.txt
2024-11-27 21:57:35,893 - INFO - New file added: ./test/text1.txt
2024-11-27 21:58:03,962 - INFO - New file added: ./test/text2.txt
2024-11-27 21:58:08,974 - WARNING - File deleted: ./test/text2.txt
2024-11-27 22:13:20,569 - INFO - New file added: ./test\text.txt
2024-11-27 22:13:20,569 - INFO - New file added: ./test\text1.txt
2024-11-27 22:13:20,569 - WARNING - File deleted: ./test/text.txt
2024-11-27 22:13:20,569 - WARNING - File deleted: ./test/text1.txt
2024-11-27 22:15:20,630 - INFO - New file added: ./test\asd.txt
2024-11-27 22:15:45,646 - WARNING - File deleted: ./test\asd.txt
2024-11-27 22:21:46,221 - INFO - New file added: ./test\hello.txt
2024-11-27 22:22:16,241 - WARNING - File deleted: ./test\hello.txt
2024-11-27 22:26:49,788 - INFO - New folder added: ./test\folder
2024-11-27 22:26:57,818 - INFO - New folder added: ./test\hello
2024-11-27 22:27:12,873 - INFO - New file added: ./test\hello.txt
2024-11-27 22:28:05,115 - WARNING - Folder deleted: ./test\folder
2024-11-27 22:28:05,115 - WARNING - Folder deleted: ./test\hello
2024-11-27 22:28:05,115 - WARNING - File deleted: ./test\hello.txt
2024-11-27 23:06:28,751 - INFO - New file added: ./test\text.txt
2024-11-27 23:06:35,769 - INFO - New file added: ./test\hello.txt
2024-11-27 23:06:40,785 - INFO - New folder added: ./test\hello
2024-11-27 23:06:46,804 - WARNING - Folder deleted: ./test\hello
2024-11-27 23:06:53,824 - WARNING - File deleted: ./test\hello.txt
2024-11-27 23:09:39,507 - INFO - New file added: ./test\hello.txt
2024-11-27 23:09:43,518 - INFO - New folder added: ./test\hello
2024-11-27 23:09:44,521 - WARNING - Folder deleted: ./test\hello
2024-11-27 23:09:46,527 - WARNING - File deleted: ./test\hello.txt
2024-11-28 09:24:23,844 - INFO - New file added: ./test\hello.txt
2024-11-28 09:24:56,943 - WARNING - File deleted: ./test\hello.txt
2024-11-28 09:25:31,037 - ERROR - File modified: ./test\text.txt
2024-11-28 09:26:11,144 - INFO - New folder added: ./test\hello
2024-11-28 09:26:20,168 - WARNING - Folder deleted: ./test\hello
